<?xml version="1.0" encoding="UTF-8"?>
<testng-results skipped="0" failed="0" ignored="0" total="1" passed="1">
  <reporter-output>
  </reporter-output>
  <suite name="search-module" duration-ms="6973" started-at="2021-03-19T16:23:47Z" finished-at="2021-03-19T16:23:53Z">
    <groups>
    </groups>
    <test name="search-test-java" duration-ms="6973" started-at="2021-03-19T16:23:47Z" finished-at="2021-03-19T16:23:53Z">
      <class name="com.searchmodule.tests.SearchTest">
        <test-method status="PASS" signature="setupDriver()[pri:0, instance:com.searchmodule.tests.SearchTest@16c0663d]" name="setupDriver" is-config="true" duration-ms="2148" started-at="2021-03-19T16:23:47Z" finished-at="2021-03-19T16:23:49Z">
          <reporter-output>
          </reporter-output>
        </test-method> <!-- setupDriver -->
        <test-method status="PASS" signature="search(java.lang.String)[pri:0, instance:com.searchmodule.tests.SearchTest@16c0663d]" name="search" duration-ms="4649" started-at="2021-03-19T16:23:49Z" finished-at="2021-03-19T16:23:53Z">
          <params>
            <param index="0">
              <value>
                <![CDATA[Java]]>
              </value>
            </param>
          </params>
          <reporter-output>
          </reporter-output>
        </test-method> <!-- search -->
        <test-method status="PASS" signature="quitBrowser()[pri:0, instance:com.searchmodule.tests.SearchTest@16c0663d]" name="quitBrowser" is-config="true" duration-ms="133" started-at="2021-03-19T16:23:53Z" finished-at="2021-03-19T16:23:53Z">
          <reporter-output>
          </reporter-output>
        </test-method> <!-- quitBrowser -->
      </class> <!-- com.searchmodule.tests.SearchTest -->
    </test> <!-- search-test-java -->
  </suite> <!-- search-module -->
</testng-results>
